<?xml version="1.0" encoding="UTF-8"?>
<testng-results ignored="0" total="1" passed="1" failed="0" skipped="0">
  <reporter-output>
  </reporter-output>
  <suite started-at="2022-12-15T05:01:02Z" name="Suite" finished-at="2022-12-15T05:01:03Z" duration-ms="1884">
    <groups>
    </groups>
    <test started-at="2022-12-15T05:01:02Z" name="Test" finished-at="2022-12-15T05:01:03Z" duration-ms="1884">
      <class name="Employee.EndToEndTest">
        <test-method signature="test1()[pri:0, instance:Employee.EndToEndTest@6cdba6dc]" started-at="2022-12-15T05:01:02Z" name="test1" finished-at="2022-12-15T05:01:03Z" duration-ms="1870" status="PASS">
          <reporter-output>
          </reporter-output>
        </test-method> <!-- test1 -->
      </class> <!-- Employee.EndToEndTest -->
    </test> <!-- Test -->
  </suite> <!-- Suite -->
</testng-results>
