<?xml version="1.0" encoding="UTF-8"?>
<testsuite xmlns:xsi="http://www.w3.org/2001/XMLSchema-instance" xsi:noNamespaceSchemaLocation="https://maven.apache.org/surefire/maven-surefire-plugin/xsd/surefire-test-report-3.0.xsd" version="3.0" name="TestSuite" time="2.671" tests="1" errors="0" skipped="0" failures="0">
  <properties>
[...]
</properties>
  <testcase name="test1" classname="Employee.EndToEndTest" time="1.882">
    <system-out><![CDATA[[TestNGContentHandler] [WARN] It is strongly recommended to add "<!DOCTYPE suite SYSTEM "http://testng.org/testng-1.0.dtd" >" at the top of your file, otherwise TestNG may fail or not work as expected.
All the employees
[
  {
    "id": 1,
    "name": "Pankaj",
    "salary": "10000"
  },
  {
    "name": "Harsha",
    "salary": "7500",
    "id": 2
  },
  {
    "id": 4
  },
  {
    "name": "suresh",
    "id": 5
  },
  {
    "salary": "80000",
    "id": 6
  },
  {
    "name": "Vidhya",
    "salary": "9000",
    "id": 7
  },
  {
    "name": "anitha",
    "salary": "7500",
    "id": 8
  },
  {
    "name": "sarita",
    "salary": "9000",
    "id": 10
  },
  {
    "name": "Andri",
    "salary": "7500",
    "id": 11
  },
  {
    "name": "kamal",
    "salary": "700",
    "id": 12
  },
  {
    "name": "jahanvi",
    "salary": "9000",
    "id": 13
  }
]
The new employee is: 
The name is: John
The updated name is: 
{
  "name": "Smith",
  "salary": "8000",
  "id": 14
}
The name is: Smith
All the employees
[
  {
    "id": 1,
    "name": "Pankaj",
    "salary": "10000"
  },
  {
    "name": "Harsha",
    "salary": "7500",
    "id": 2
  },
  {
    "id": 4
  },
  {
    "name": "suresh",
    "id": 5
  },
  {
    "salary": "80000",
    "id": 6
  },
  {
    "name": "Vidhya",
    "salary": "9000",
    "id": 7
  },
  {
    "name": "anitha",
    "salary": "7500",
    "id": 8
  },
  {
    "name": "sarita",
    "salary": "9000",
    "id": 10
  },
  {
    "name": "Andri",
    "salary": "7500",
    "id": 11
  },
  {
    "name": "kamal",
    "salary": "700",
    "id": 12
  },
  {
    "name": "jahanvi",
    "salary": "9000",
    "id": 13
  }
]
]]></system-out>
  </testcase>
</testsuite>