<?xml version="1.0" encoding="UTF-8"?>
<testng-results ignored="0" total="1" passed="1" failed="0" skipped="0">
  <reporter-output>
  </reporter-output>
  <suite started-at="2022-12-14T10:15:35Z" name="Suite" finished-at="2022-12-14T10:15:37Z" duration-ms="1690">
    <groups>
    </groups>
    <test started-at="2022-12-14T10:15:35Z" name="Test" finished-at="2022-12-14T10:15:37Z" duration-ms="1690">
      <class name="Employee.EndToEndTest">
        <test-method signature="test1()[pri:0, instance:Employee.EndToEndTest@573906eb]" started-at="2022-12-14T10:15:35Z" name="test1" finished-at="2022-12-14T10:15:37Z" duration-ms="1677" status="PASS">
          <reporter-output>
          </reporter-output>
        </test-method> <!-- test1 -->
      </class> <!-- Employee.EndToEndTest -->
    </test> <!-- Test -->
  </suite> <!-- Suite -->
</testng-results>
